<?xml version="1.0" encoding="UTF-8"?>
<!-- Generated by org.testng.reporters.JUnitReportReporter -->
<testsuite hostname="DESKTOP-CMBU4PG" failures="0" tests="3" name="training.SafeGold" time="15.100" errors="0" timestamp="2025-07-09T11:46:17 IST" skipped="0">
  <testcase classname="training.SafeGold" name="purchasegold" time="15.098"/>
  <testcase classname="training.SafeGold" name="sellgold" time="0.001"/>
  <testcase classname="training.SafeGold" name="transaction" time="0.001"/>
</testsuite> <!-- training.SafeGold -->
