<?xml version="1.0" encoding="UTF-8"?>
<!-- Generated by org.testng.reporters.JUnitReportReporter -->
<testsuite hostname="DESKTOP-CMBU4PG" failures="0" tests="1" name="training.UpdatedLoginTest" time="1.405" errors="0" timestamp="2025-07-10T12:31:50 IST" skipped="0">
  <testcase classname="training.UpdatedLoginTest" name="logintest" time="1.405"/>
</testsuite> <!-- training.UpdatedLoginTest -->
